# JRE version: OpenJDK Runtime Environment Temurin-21.0.11+10 (21.0.11+10) (build 21.0.11+10-LTS)
# Java VM: OpenJDK 64-Bit Server VM Temurin-21.0.11+10 (21.0.11+10-LTS, mixed mode, sharing, tiered, compressed oops, compressed class ptrs, parallel gc, windows-amd64)
GC Precious Log:
 CardTable entry size: 512
 CPUs: 12 total, 12 available
 Memory: 15720M
 Large Page Support: Disabled
 NUMA Support: Disabled
 Compressed Oops: Enabled (32-bit)
 Alignments: Space 512K, Generation 512K, Heap 2M
 Heap Min Capacity: 100M
 Heap Initial Capacity: 100M
 Heap Max Capacity: 2G
 Pre-touch: Disabled
 Parallel Workers: 10
Heap:
 PSYoungGen      total 2048K, used 825K [0x00000000d5580000, 0x00000000d5880000, 0x0000000100000000)
  eden space 1536K, 37% used [0x00000000d5580000,0x00000000d560e6f8,0x00000000d5700000)
  from space 512K, 50% used [0x00000000d5800000,0x00000000d5840000,0x00000000d5880000)
  to   space 512K, 0% used [0x00000000d5780000,0x00000000d5780000,0x00000000d5800000)
 ParOldGen       total 238080K, used 220367K [0x0000000080000000, 0x000000008e880000, 0x00000000d5580000)
  object space 238080K, 92% used [0x0000000080000000,0x000000008d733c00,0x000000008e880000)
 Metaspace       used 81456K, committed 83264K, reserved 1179648K
  class space    used 8386K, committed 9216K, reserved 1048576K
GC Heap History (20 events):
Event: 1807.254 GC heap before
{Heap before GC invocations=613 (full 4):
 PSYoungGen      total 2560K, used 2207K [0x00000000d5580000, 0x00000000d5900000, 0x0000000100000000)
  eden space 1536K, 99% used [0x00000000d5580000,0x00000000d56ffff8,0x00000000d5700000)
  from space 1024K, 65% used [0x00000000d5800000,0x00000000d58a8000,0x00000000d5900000)
  to   space 1024K, 0% used [0x00000000d5700000,0x00000000d5700000,0x00000000d5800000)
 ParOldGen       total 238080K, used 211354K [0x0000000080000000, 0x000000008e880000, 0x00000000d5580000)
  object space 238080K, 88% used [0x0000000080000000,0x000000008ce668e8,0x000000008e880000)
 Metaspace       used 80731K, committed 82368K, reserved 1179648K
  class space    used 8311K, committed 9088K, reserved 1048576K
}
Event: 1807.257 GC heap after
{Heap after GC invocations=613 (full 4):
 PSYoungGen      total 2560K, used 384K [0x00000000d5580000, 0x00000000d5880000, 0x0000000100000000)
  eden space 1536K, 0% used [0x00000000d5580000,0x00000000d5580000,0x00000000d5700000)
  from space 1024K, 37% used [0x00000000d5700000,0x00000000d5760000,0x00000000d5800000)
  to   space 512K, 0% used [0x00000000d5800000,0x00000000d5800000,0x00000000d5880000)
 ParOldGen       total 238080K, used 211982K [0x0000000080000000, 0x000000008e880000, 0x00000000d5580000)
  object space 238080K, 89% used [0x0000000080000000,0x000000008cf038f8,0x000000008e880000)
 Metaspace       used 80731K, committed 82368K, reserved 1179648K
  class space    used 8311K, committed 9088K, reserved 1048576K
}
Event: 1820.065 GC heap before
{Heap before GC invocations=614 (full 4):
 PSYoungGen      total 2560K, used 1920K [0x00000000d5580000, 0x00000000d5880000, 0x0000000100000000)
  eden space 1536K, 100% used [0x00000000d5580000,0x00000000d5700000,0x00000000d5700000)
  from space 1024K, 37% used [0x00000000d5700000,0x00000000d5760000,0x00000000d5800000)
  to   space 512K, 0% used [0x00000000d5800000,0x00000000d5800000,0x00000000d5880000)
 ParOldGen       total 238080K, used 211982K [0x0000000080000000, 0x000000008e880000, 0x00000000d5580000)
  object space 238080K, 89% used [0x0000000080000000,0x000000008cf038f8,0x000000008e880000)
 Metaspace       used 80745K, committed 82432K, reserved 1179648K
  class space    used 8311K, committed 9088K, reserved 1048576K
}
Event: 1820.066 GC heap after
{Heap after GC invocations=614 (full 4):
 PSYoungGen      total 2048K, used 282K [0x00000000d5580000, 0x00000000d5880000, 0x0000000100000000)
  eden space 1536K, 0% used [0x00000000d5580000,0x00000000d5580000,0x00000000d5700000)
  from space 512K, 55% used [0x00000000d5800000,0x00000000d5846900,0x00000000d5880000)
  to   space 512K, 0% used [0x00000000d5780000,0x00000000d5780000,0x00000000d5800000)
 ParOldGen       total 238080K, used 212225K [0x0000000080000000, 0x000000008e880000, 0x00000000d5580000)
  object space 238080K, 89% used [0x0000000080000000,0x000000008cf407e8,0x000000008e880000)
 Metaspace       used 80745K, committed 82432K, reserved 1179648K
  class space    used 8311K, committed 9088K, reserved 1048576K
}
Event: 1820.072 GC heap before
{Heap before GC invocations=615 (full 4):
 PSYoungGen      total 2048K, used 1818K [0x00000000d5580000, 0x00000000d5880000, 0x0000000100000000)
  eden space 1536K, 99% used [0x00000000d5580000,0x00000000d56fff78,0x00000000d5700000)
  from space 512K, 55% used [0x00000000d5800000,0x00000000d5846900,0x00000000d5880000)
  to   space 512K, 0% used [0x00000000d5780000,0x00000000d5780000,0x00000000d5800000)
 ParOldGen       total 238080K, used 212225K [0x0000000080000000, 0x000000008e880000, 0x00000000d5580000)
  object space 238080K, 89% used [0x0000000080000000,0x000000008cf407e8,0x000000008e880000)
 Metaspace       used 80745K, committed 82432K, reserved 1179648K
  class space    used 8311K, committed 9088K, reserved 1048576K
}
Event: 1820.074 GC heap after
{Heap after GC invocations=615 (full 4):
 PSYoungGen      total 2048K, used 511K [0x00000000d5580000, 0x00000000d5880000, 0x0000000100000000)
  eden space 1536K, 0% used [0x00000000d5580000,0x00000000d5580000,0x00000000d5700000)
  from space 512K, 99% used [0x00000000d5780000,0x00000000d57ffca8,0x00000000d5800000)
  to   space 512K, 0% used [0x00000000d5800000,0x00000000d5800000,0x00000000d5880000)
 ParOldGen       total 238080K, used 212677K [0x0000000080000000, 0x000000008e880000, 0x00000000d5580000)
  object space 238080K, 89% used [0x0000000080000000,0x000000008cfb1600,0x000000008e880000)
 Metaspace       used 80745K, committed 82432K, reserved 1179648K
  class space    used 8311K, committed 9088K, reserved 1048576K
}
Event: 1820.080 GC heap before
{Heap before GC invocations=616 (full 4):
 PSYoungGen      total 2048K, used 2047K [0x00000000d5580000, 0x00000000d5880000, 0x0000000100000000)
  eden space 1536K, 100% used [0x00000000d5580000,0x00000000d5700000,0x00000000d5700000)
  from space 512K, 99% used [0x00000000d5780000,0x00000000d57ffca8,0x00000000d5800000)
  to   space 512K, 0% used [0x00000000d5800000,0x00000000d5800000,0x00000000d5880000)
 ParOldGen       total 238080K, used 212677K [0x0000000080000000, 0x000000008e880000, 0x00000000d5580000)
  object space 238080K, 89% used [0x0000000080000000,0x000000008cfb1600,0x000000008e880000)
 Metaspace       used 80745K, committed 82432K, reserved 1179648K
  class space    used 8311K, committed 9088K, reserved 1048576K
}
Event: 1820.084 GC heap after
{Heap after GC invocations=616 (full 4):
 PSYoungGen      total 2048K, used 512K [0x00000000d5580000, 0x00000000d5880000, 0x0000000100000000)
  eden space 1536K, 0% used [0x00000000d5580000,0x00000000d5580000,0x00000000d5700000)
  from space 512K, 100% used [0x00000000d5800000,0x00000000d5880000,0x00000000d5880000)
  to   space 512K, 0% used [0x00000000d5780000,0x00000000d5780000,0x00000000d5800000)
 ParOldGen       total 238080K, used 214092K [0x0000000080000000, 0x000000008e880000, 0x00000000d5580000)
  object space 238080K, 89% used [0x0000000080000000,0x000000008d1132a8,0x000000008e880000)
 Metaspace       used 80745K, committed 82432K, reserved 1179648K
  class space    used 8311K, committed 9088K, reserved 1048576K
}
Event: 1820.092 GC heap before
{Heap before GC invocations=617 (full 4):
 PSYoungGen      total 2048K, used 2047K [0x00000000d5580000, 0x00000000d5880000, 0x0000000100000000)
  eden space 1536K, 99% used [0x00000000d5580000,0x00000000d56ffff0,0x00000000d5700000)
  from space 512K, 100% used [0x00000000d5800000,0x00000000d5880000,0x00000000d5880000)
  to   space 512K, 0% used [0x00000000d5780000,0x00000000d5780000,0x00000000d5800000)
 ParOldGen       total 238080K, used 214092K [0x0000000080000000, 0x000000008e880000, 0x00000000d5580000)
  object space 238080K, 89% used [0x0000000080000000,0x000000008d1132a8,0x000000008e880000)
 Metaspace       used 80745K, committed 82432K, reserved 1179648K
  class space    used 8311K, committed 9088K, reserved 1048576K
}
Event: 1820.094 GC heap after
{Heap after GC invocations=617 (full 4):
 PSYoungGen      total 2048K, used 512K [0x00000000d5580000, 0x00000000d5880000, 0x0000000100000000)
  eden space 1536K, 0% used [0x00000000d5580000,0x00000000d5580000,0x00000000d5700000)
  from space 512K, 100% used [0x00000000d5780000,0x00000000d5800000,0x00000000d5800000)
  to   space 512K, 0% used [0x00000000d5800000,0x00000000d5800000,0x00000000d5880000)
 ParOldGen       total 238080K, used 215500K [0x0000000080000000, 0x000000008e880000, 0x00000000d5580000)
  object space 238080K, 90% used [0x0000000080000000,0x000000008d2732a8,0x000000008e880000)
 Metaspace       used 80745K, committed 82432K, reserved 1179648K
  class space    used 8311K, committed 9088K, reserved 1048576K
}
Event: 1820.098 GC heap before
{Heap before GC invocations=618 (full 4):
 PSYoungGen      total 2048K, used 2048K [0x00000000d5580000, 0x00000000d5880000, 0x0000000100000000)
  eden space 1536K, 100% used [0x00000000d5580000,0x00000000d5700000,0x00000000d5700000)
  from space 512K, 100% used [0x00000000d5780000,0x00000000d5800000,0x00000000d5800000)
  to   space 512K, 0% used [0x00000000d5800000,0x00000000d5800000,0x00000000d5880000)
 ParOldGen       total 238080K, used 215500K [0x0000000080000000, 0x000000008e880000, 0x00000000d5580000)
  object space 238080K, 90% used [0x0000000080000000,0x000000008d2732a8,0x000000008e880000)
 Metaspace       used 80745K, committed 82432K, reserved 1179648K
  class space    used 8311K, committed 9088K, reserved 1048576K
}
Event: 1820.100 GC heap after
{Heap after GC invocations=618 (full 4):
 PSYoungGen      total 2048K, used 511K [0x00000000d5580000, 0x00000000d5880000, 0x0000000100000000)
  eden space 1536K, 0% used [0x00000000d5580000,0x00000000d5580000,0x00000000d5700000)
  from space 512K, 99% used [0x00000000d5800000,0x00000000d587fca8,0x00000000d5880000)
  to   space 512K, 0% used [0x00000000d5780000,0x00000000d5780000,0x00000000d5800000)
 ParOldGen       total 238080K, used 216443K [0x0000000080000000, 0x000000008e880000, 0x00000000d5580000)
  object space 238080K, 90% used [0x0000000080000000,0x000000008d35ef50,0x000000008e880000)
 Metaspace       used 80745K, committed 82432K, reserved 1179648K
  class space    used 8311K, committed 9088K, reserved 1048576K
}
Event: 1820.103 GC heap before
{Heap before GC invocations=619 (full 4):
 PSYoungGen      total 2048K, used 2047K [0x00000000d5580000, 0x00000000d5880000, 0x0000000100000000)
  eden space 1536K, 100% used [0x00000000d5580000,0x00000000d5700000,0x00000000d5700000)
  from space 512K, 99% used [0x00000000d5800000,0x00000000d587fca8,0x00000000d5880000)
  to   space 512K, 0% used [0x00000000d5780000,0x00000000d5780000,0x00000000d5800000)
 ParOldGen       total 238080K, used 216443K [0x0000000080000000, 0x000000008e880000, 0x00000000d5580000)
  object space 238080K, 90% used [0x0000000080000000,0x000000008d35ef50,0x000000008e880000)
 Metaspace       used 80748K, committed 82432K, reserved 1179648K
  class space    used 8311K, committed 9088K, reserved 1048576K
}
Event: 1820.105 GC heap after
{Heap after GC invocations=619 (full 4):
 PSYoungGen      total 2048K, used 512K [0x00000000d5580000, 0x00000000d5880000, 0x0000000100000000)
  eden space 1536K, 0% used [0x00000000d5580000,0x00000000d5580000,0x00000000d5700000)
  from space 512K, 100% used [0x00000000d5780000,0x00000000d5800000,0x00000000d5800000)
  to   space 512K, 0% used [0x00000000d5800000,0x00000000d5800000,0x00000000d5880000)
 ParOldGen       total 238080K, used 217018K [0x0000000080000000, 0x000000008e880000, 0x00000000d5580000)
  object space 238080K, 91% used [0x0000000080000000,0x000000008d3eebf8,0x000000008e880000)
 Metaspace       used 80748K, committed 82432K, reserved 1179648K
  class space    used 8311K, committed 9088K, reserved 1048576K
}
Event: 1820.115 GC heap before
{Heap before GC invocations=620 (full 4):
 PSYoungGen      total 2048K, used 2048K [0x00000000d5580000, 0x00000000d5880000, 0x0000000100000000)
  eden space 1536K, 100% used [0x00000000d5580000,0x00000000d5700000,0x00000000d5700000)
  from space 512K, 100% used [0x00000000d5780000,0x00000000d5800000,0x00000000d5800000)
  to   space 512K, 0% used [0x00000000d5800000,0x00000000d5800000,0x00000000d5880000)
 ParOldGen       total 238080K, used 217018K [0x0000000080000000, 0x000000008e880000, 0x00000000d5580000)
  object space 238080K, 91% used [0x0000000080000000,0x000000008d3eebf8,0x000000008e880000)
 Metaspace       used 80748K, committed 82432K, reserved 1179648K
  class space    used 8311K, committed 9088K, reserved 1048576K
}
Event: 1820.118 GC heap after
{Heap after GC invocations=620 (full 4):
 PSYoungGen      total 2048K, used 512K [0x00000000d5580000, 0x00000000d5880000, 0x0000000100000000)
  eden space 1536K, 0% used [0x00000000d5580000,0x00000000d5580000,0x00000000d5700000)
  from space 512K, 100% used [0x00000000d5800000,0x00000000d5880000,0x00000000d5880000)
  to   space 512K, 0% used [0x00000000d5780000,0x00000000d5780000,0x00000000d5800000)
 ParOldGen       total 238080K, used 218402K [0x0000000080000000, 0x000000008e880000, 0x00000000d5580000)
  object space 238080K, 91% used [0x0000000080000000,0x000000008d548bf8,0x000000008e880000)
 Metaspace       used 80748K, committed 82432K, reserved 1179648K
  class space    used 8311K, committed 9088K, reserved 1048576K
}
Event: 1820.139 GC heap before
{Heap before GC invocations=621 (full 4):
 PSYoungGen      total 2048K, used 2048K [0x00000000d5580000, 0x00000000d5880000, 0x0000000100000000)
  eden space 1536K, 100% used [0x00000000d5580000,0x00000000d5700000,0x00000000d5700000)
  from space 512K, 100% used [0x00000000d5800000,0x00000000d5880000,0x00000000d5880000)
  to   space 512K, 0% used [0x00000000d5780000,0x00000000d5780000,0x00000000d5800000)
 ParOldGen       total 238080K, used 218402K [0x0000000080000000, 0x000000008e880000, 0x00000000d5580000)
  object space 238080K, 91% used [0x0000000080000000,0x000000008d548bf8,0x000000008e880000)
 Metaspace       used 80748K, committed 82432K, reserved 1179648K
  class space    used 8311K, committed 9088K, reserved 1048576K
}
Event: 1820.143 GC heap after
{Heap after GC invocations=621 (full 4):
 PSYoungGen      total 2048K, used 512K [0x00000000d5580000, 0x00000000d5880000, 0x0000000100000000)
  eden space 1536K, 0% used [0x00000000d5580000,0x00000000d5580000,0x00000000d5700000)
  from space 512K, 100% used [0x00000000d5780000,0x00000000d5800000,0x00000000d5800000)
  to   space 512K, 0% used [0x00000000d5800000,0x00000000d5800000,0x00000000d5880000)
 ParOldGen       total 238080K, used 219602K [0x0000000080000000, 0x000000008e880000, 0x00000000d5580000)
  object space 238080K, 92% used [0x0000000080000000,0x000000008d674bf8,0x000000008e880000)
 Metaspace       used 80748K, committed 82432K, reserved 1179648K
  class space    used 8311K, committed 9088K, reserved 1048576K
}
Event: 1820.160 GC heap before
{Heap before GC invocations=622 (full 4):
 PSYoungGen      total 2048K, used 2048K [0x00000000d5580000, 0x00000000d5880000, 0x0000000100000000)
  eden space 1536K, 100% used [0x00000000d5580000,0x00000000d5700000,0x00000000d5700000)
  from space 512K, 100% used [0x00000000d5780000,0x00000000d5800000,0x00000000d5800000)
  to   space 512K, 0% used [0x00000000d5800000,0x00000000d5800000,0x00000000d5880000)
 ParOldGen       total 238080K, used 219602K [0x0000000080000000, 0x000000008e880000, 0x00000000d5580000)
  object space 238080K, 92% used [0x0000000080000000,0x000000008d674bf8,0x000000008e880000)
 Metaspace       used 80793K, committed 82496K, reserved 1179648K
  class space    used 8315K, committed 9088K, reserved 1048576K
}
Event: 1820.163 GC heap after
{Heap after GC invocations=622 (full 4):
 PSYoungGen      total 2048K, used 371K [0x00000000d5580000, 0x00000000d5880000, 0x0000000100000000)
  eden space 1536K, 0% used [0x00000000d5580000,0x00000000d5580000,0x00000000d5700000)
  from space 512K, 72% used [0x00000000d5800000,0x00000000d585ce88,0x00000000d5880000)
  to   space 512K, 0% used [0x00000000d5780000,0x00000000d5780000,0x00000000d5800000)
 ParOldGen       total 238080K, used 220122K [0x0000000080000000, 0x000000008e880000, 0x00000000d5580000)
  object space 238080K, 92% used [0x0000000080000000,0x000000008d6f6bf8,0x000000008e880000)
 Metaspace       used 80793K, committed 82496K, reserved 1179648K
  class space    used 8315K, committed 9088K, reserved 1048576K
}

