# JRE version: Java(TM) SE Runtime Environment (17.0.11+7) (build 17.0.11+7-LTS-207)
# Java VM: Java HotSpot(TM) 64-Bit Server VM (17.0.11+7-LTS-207, mixed mode, emulated-client, sharing, tiered, compressed oops, compressed class ptrs, g1 gc, windows-amd64)
GC Precious Log:
 CPUs: 12 total, 12 available
 Memory: 15720M
 Large Page Support: Disabled
 NUMA Support: Disabled
 Compressed Oops: Enabled (Zero based)
 Heap Region Size: 2M
 Heap Min Capacity: 8M
 Heap Initial Capacity: 246M
 Heap Max Capacity: 3932M
 Pre-touch: Disabled
 Parallel Workers: 10
 Concurrent Workers: 3
 Concurrent Refinement Workers: 10
 Periodic GC: Disabled
Heap:
 garbage-first heap   total 251904K, used 116038K [0x000000070a400000, 0x0000000800000000)
  region size 2048K, 3 young (6144K), 3 survivors (6144K)
 Metaspace       used 65245K, committed 65856K, reserved 1114112K
  class space    used 9710K, committed 9984K, reserved 1048576K
GC Heap History (20 events):
Event: 6.185 GC heap after
{Heap after GC invocations=7 (full 0):
 garbage-first heap   total 108544K, used 27251K [0x000000070a400000, 0x0000000800000000)
  region size 2048K, 1 young (2048K), 1 survivors (2048K)
 Metaspace       used 29302K, committed 29696K, reserved 1114112K
  class space    used 4149K, committed 4352K, reserved 1048576K
}
Event: 7.213 GC heap before
{Heap before GC invocations=7 (full 0):
 garbage-first heap   total 108544K, used 62067K [0x000000070a400000, 0x0000000800000000)
  region size 2048K, 19 young (38912K), 1 survivors (2048K)
 Metaspace       used 35621K, committed 36096K, reserved 1114112K
  class space    used 5098K, committed 5312K, reserved 1048576K
}
Event: 7.218 GC heap after
{Heap after GC invocations=8 (full 0):
 garbage-first heap   total 108544K, used 27622K [0x000000070a400000, 0x0000000800000000)
  region size 2048K, 2 young (4096K), 2 survivors (4096K)
 Metaspace       used 35621K, committed 36096K, reserved 1114112K
  class space    used 5098K, committed 5312K, reserved 1048576K
}
Event: 8.342 GC heap before
{Heap before GC invocations=9 (full 0):
 garbage-first heap   total 108544K, used 74726K [0x000000070a400000, 0x0000000800000000)
  region size 2048K, 26 young (53248K), 2 survivors (4096K)
 Metaspace       used 46612K, committed 47104K, reserved 1114112K
  class space    used 6596K, committed 6848K, reserved 1048576K
}
Event: 8.348 GC heap after
{Heap after GC invocations=10 (full 0):
 garbage-first heap   total 108544K, used 30049K [0x000000070a400000, 0x0000000800000000)
  region size 2048K, 3 young (6144K), 3 survivors (6144K)
 Metaspace       used 46612K, committed 47104K, reserved 1114112K
  class space    used 6596K, committed 6848K, reserved 1048576K
}
Event: 9.658 GC heap before
{Heap before GC invocations=10 (full 0):
 garbage-first heap   total 108544K, used 77153K [0x000000070a400000, 0x0000000800000000)
  region size 2048K, 27 young (55296K), 3 survivors (6144K)
 Metaspace       used 57662K, committed 58240K, reserved 1114112K
  class space    used 8325K, committed 8576K, reserved 1048576K
}
Event: 9.666 GC heap after
{Heap after GC invocations=11 (full 0):
 garbage-first heap   total 108544K, used 32431K [0x000000070a400000, 0x0000000800000000)
  region size 2048K, 3 young (6144K), 3 survivors (6144K)
 Metaspace       used 57662K, committed 58240K, reserved 1114112K
  class space    used 8325K, committed 8576K, reserved 1048576K
}
Event: 10.038 GC heap before
{Heap before GC invocations=11 (full 0):
 garbage-first heap   total 108544K, used 44719K [0x000000070a400000, 0x0000000800000000)
  region size 2048K, 11 young (22528K), 3 survivors (6144K)
 Metaspace       used 59927K, committed 60480K, reserved 1114112K
  class space    used 8576K, committed 8832K, reserved 1048576K
}
Event: 10.045 GC heap after
{Heap after GC invocations=12 (full 0):
 garbage-first heap   total 108544K, used 34023K [0x000000070a400000, 0x0000000800000000)
  region size 2048K, 3 young (6144K), 3 survivors (6144K)
 Metaspace       used 59927K, committed 60480K, reserved 1114112K
  class space    used 8576K, committed 8832K, reserved 1048576K
}
Event: 10.649 GC heap before
{Heap before GC invocations=13 (full 0):
 garbage-first heap   total 108544K, used 81127K [0x000000070a400000, 0x0000000800000000)
  region size 2048K, 26 young (53248K), 3 survivors (6144K)
 Metaspace       used 63469K, committed 64064K, reserved 1114112K
  class space    used 9332K, committed 9600K, reserved 1048576K
}
Event: 10.658 GC heap after
{Heap after GC invocations=14 (full 0):
 garbage-first heap   total 108544K, used 41410K [0x000000070a400000, 0x0000000800000000)
  region size 2048K, 4 young (8192K), 4 survivors (8192K)
 Metaspace       used 63469K, committed 64064K, reserved 1114112K
  class space    used 9332K, committed 9600K, reserved 1048576K
}
Event: 10.781 GC heap before
{Heap before GC invocations=14 (full 0):
 garbage-first heap   total 108544K, used 78274K [0x000000070a400000, 0x0000000800000000)
  region size 2048K, 22 young (45056K), 4 survivors (8192K)
 Metaspace       used 63476K, committed 64064K, reserved 1114112K
  class space    used 9333K, committed 9600K, reserved 1048576K
}
Event: 10.796 GC heap after
{Heap after GC invocations=15 (full 0):
 garbage-first heap   total 180224K, used 52588K [0x000000070a400000, 0x0000000800000000)
  region size 2048K, 3 young (6144K), 3 survivors (6144K)
 Metaspace       used 63476K, committed 64064K, reserved 1114112K
  class space    used 9333K, committed 9600K, reserved 1048576K
}
Event: 11.340 GC heap before
{Heap before GC invocations=15 (full 0):
 garbage-first heap   total 180224K, used 126316K [0x000000070a400000, 0x0000000800000000)
  region size 2048K, 39 young (79872K), 3 survivors (6144K)
 Metaspace       used 65236K, committed 65792K, reserved 1114112K
  class space    used 9710K, committed 9984K, reserved 1048576K
}
Event: 11.354 GC heap after
{Heap after GC invocations=16 (full 0):
 garbage-first heap   total 180224K, used 63488K [0x000000070a400000, 0x0000000800000000)
  region size 2048K, 5 young (10240K), 5 survivors (10240K)
 Metaspace       used 65236K, committed 65792K, reserved 1114112K
  class space    used 9710K, committed 9984K, reserved 1048576K
}
Event: 11.546 GC heap before
{Heap before GC invocations=16 (full 0):
 garbage-first heap   total 180224K, used 129024K [0x000000070a400000, 0x0000000800000000)
  region size 2048K, 37 young (75776K), 5 survivors (10240K)
 Metaspace       used 65244K, committed 65856K, reserved 1114112K
  class space    used 9710K, committed 9984K, reserved 1048576K
}
Event: 11.574 GC heap after
{Heap after GC invocations=17 (full 0):
 garbage-first heap   total 180224K, used 83508K [0x000000070a400000, 0x0000000800000000)
  region size 2048K, 5 young (10240K), 5 survivors (10240K)
 Metaspace       used 65244K, committed 65856K, reserved 1114112K
  class space    used 9710K, committed 9984K, reserved 1048576K
}
Event: 11.744 GC heap before
{Heap before GC invocations=17 (full 0):
 garbage-first heap   total 180224K, used 130612K [0x000000070a400000, 0x0000000800000000)
  region size 2048K, 28 young (57344K), 5 survivors (10240K)
 Metaspace       used 65245K, committed 65856K, reserved 1114112K
  class space    used 9710K, committed 9984K, reserved 1048576K
}
Event: 11.764 GC heap after
{Heap after GC invocations=18 (full 0):
 garbage-first heap   total 180224K, used 100352K [0x000000070a400000, 0x0000000800000000)
  region size 2048K, 4 young (8192K), 4 survivors (8192K)
 Metaspace       used 65245K, committed 65856K, reserved 1114112K
  class space    used 9710K, committed 9984K, reserved 1048576K
}
Event: 11.869 GC heap before
{Heap before GC invocations=18 (full 0):
 garbage-first heap   total 180224K, used 133120K [0x000000070a400000, 0x0000000800000000)
  region size 2048K, 20 young (40960K), 4 survivors (8192K)
 Metaspace       used 65245K, committed 65856K, reserved 1114112K
  class space    used 9710K, committed 9984K, reserved 1048576K
}

