# JRE version: OpenJDK Runtime Environment Temurin-21.0.11+10 (21.0.11+10) (build 21.0.11+10-LTS)
# Java VM: OpenJDK 64-Bit Server VM Temurin-21.0.11+10 (21.0.11+10-LTS, mixed mode, sharing, tiered, compressed oops, compressed class ptrs, parallel gc, windows-amd64)
GC Precious Log:
 CardTable entry size: 512
 CPUs: 12 total, 12 available
 Memory: 15720M
 Large Page Support: Disabled
 NUMA Support: Disabled
 Compressed Oops: Enabled (32-bit)
 Alignments: Space 512K, Generation 512K, Heap 2M
 Heap Min Capacity: 100M
 Heap Initial Capacity: 100M
 Heap Max Capacity: 2G
 Pre-touch: Disabled
 Parallel Workers: 10
Heap:
 PSYoungGen      total 3072K, used 1599K [0x00000000d5580000, 0x00000000d5980000, 0x0000000100000000)
  eden space 2048K, 42% used [0x00000000d5580000,0x00000000d5657fe0,0x00000000d5780000)
  from space 1024K, 71% used [0x00000000d5880000,0x00000000d5938000,0x00000000d5980000)
  to   space 1024K, 0% used [0x00000000d5780000,0x00000000d5780000,0x00000000d5880000)
 ParOldGen       total 182272K, used 181989K [0x0000000080000000, 0x000000008b200000, 0x00000000d5580000)
  object space 182272K, 99% used [0x0000000080000000,0x000000008b1b9760,0x000000008b200000)
 Metaspace       used 72981K, committed 74752K, reserved 1179648K
  class space    used 7603K, committed 8384K, reserved 1048576K
GC Heap History (20 events):
Event: 234.879 GC heap before
{Heap before GC invocations=228 (full 3):
 PSYoungGen      total 3584K, used 3136K [0x00000000d5580000, 0x00000000d5a00000, 0x0000000100000000)
  eden space 2560K, 100% used [0x00000000d5580000,0x00000000d5800000,0x00000000d5800000)
  from space 1024K, 56% used [0x00000000d5900000,0x00000000d5990010,0x00000000d5a00000)
  to   space 1024K, 0% used [0x00000000d5800000,0x00000000d5800000,0x00000000d5900000)
 ParOldGen       total 148480K, used 148462K [0x0000000080000000, 0x0000000089100000, 0x00000000d5580000)
  object space 148480K, 99% used [0x0000000080000000,0x00000000890fb810,0x0000000089100000)
 Metaspace       used 72207K, committed 73856K, reserved 1179648K
  class space    used 7537K, committed 8256K, reserved 1048576K
}
Event: 234.881 GC heap after
{Heap after GC invocations=228 (full 3):
 PSYoungGen      total 3584K, used 320K [0x00000000d5580000, 0x00000000d5980000, 0x0000000100000000)
  eden space 2560K, 0% used [0x00000000d5580000,0x00000000d5580000,0x00000000d5800000)
  from space 1024K, 31% used [0x00000000d5800000,0x00000000d5850000,0x00000000d5900000)
  to   space 512K, 0% used [0x00000000d5900000,0x00000000d5900000,0x00000000d5980000)
 ParOldGen       total 148992K, used 148814K [0x0000000080000000, 0x0000000089180000, 0x00000000d5580000)
  object space 148992K, 99% used [0x0000000080000000,0x0000000089153810,0x0000000089180000)
 Metaspace       used 72207K, committed 73856K, reserved 1179648K
  class space    used 7537K, committed 8256K, reserved 1048576K
}
Event: 234.956 GC heap before
{Heap before GC invocations=229 (full 3):
 PSYoungGen      total 3584K, used 2880K [0x00000000d5580000, 0x00000000d5980000, 0x0000000100000000)
  eden space 2560K, 100% used [0x00000000d5580000,0x00000000d5800000,0x00000000d5800000)
  from space 1024K, 31% used [0x00000000d5800000,0x00000000d5850000,0x00000000d5900000)
  to   space 512K, 0% used [0x00000000d5900000,0x00000000d5900000,0x00000000d5980000)
 ParOldGen       total 148992K, used 148814K [0x0000000080000000, 0x0000000089180000, 0x00000000d5580000)
  object space 148992K, 99% used [0x0000000080000000,0x0000000089153810,0x0000000089180000)
 Metaspace       used 72419K, committed 74176K, reserved 1179648K
  class space    used 7566K, committed 8320K, reserved 1048576K
}
Event: 234.958 GC heap after
{Heap after GC invocations=229 (full 3):
 PSYoungGen      total 3072K, used 352K [0x00000000d5580000, 0x00000000d5980000, 0x0000000100000000)
  eden space 2560K, 0% used [0x00000000d5580000,0x00000000d5580000,0x00000000d5800000)
  from space 512K, 68% used [0x00000000d5900000,0x00000000d5958000,0x00000000d5980000)
  to   space 512K, 0% used [0x00000000d5880000,0x00000000d5880000,0x00000000d5900000)
 ParOldGen       total 148992K, used 148910K [0x0000000080000000, 0x0000000089180000, 0x00000000d5580000)
  object space 148992K, 99% used [0x0000000080000000,0x000000008916b810,0x0000000089180000)
 Metaspace       used 72419K, committed 74176K, reserved 1179648K
  class space    used 7566K, committed 8320K, reserved 1048576K
}
Event: 235.015 GC heap before
{Heap before GC invocations=230 (full 3):
 PSYoungGen      total 3072K, used 2912K [0x00000000d5580000, 0x00000000d5980000, 0x0000000100000000)
  eden space 2560K, 100% used [0x00000000d5580000,0x00000000d5800000,0x00000000d5800000)
  from space 512K, 68% used [0x00000000d5900000,0x00000000d5958000,0x00000000d5980000)
  to   space 512K, 0% used [0x00000000d5880000,0x00000000d5880000,0x00000000d5900000)
 ParOldGen       total 148992K, used 148910K [0x0000000080000000, 0x0000000089180000, 0x00000000d5580000)
  object space 148992K, 99% used [0x0000000080000000,0x000000008916b810,0x0000000089180000)
 Metaspace       used 72689K, committed 74432K, reserved 1179648K
  class space    used 7588K, committed 8384K, reserved 1048576K
}
Event: 235.017 GC heap after
{Heap after GC invocations=230 (full 3):
 PSYoungGen      total 3072K, used 421K [0x00000000d5580000, 0x00000000d5980000, 0x0000000100000000)
  eden space 2560K, 0% used [0x00000000d5580000,0x00000000d5580000,0x00000000d5800000)
  from space 512K, 82% used [0x00000000d5880000,0x00000000d58e9420,0x00000000d5900000)
  to   space 512K, 0% used [0x00000000d5900000,0x00000000d5900000,0x00000000d5980000)
 ParOldGen       total 149504K, used 149107K [0x0000000080000000, 0x0000000089200000, 0x00000000d5580000)
  object space 149504K, 99% used [0x0000000080000000,0x000000008919cf38,0x0000000089200000)
 Metaspace       used 72689K, committed 74432K, reserved 1179648K
  class space    used 7588K, committed 8384K, reserved 1048576K
}
Event: 235.233 GC heap before
{Heap before GC invocations=231 (full 3):
 PSYoungGen      total 3072K, used 2981K [0x00000000d5580000, 0x00000000d5980000, 0x0000000100000000)
  eden space 2560K, 100% used [0x00000000d5580000,0x00000000d5800000,0x00000000d5800000)
  from space 512K, 82% used [0x00000000d5880000,0x00000000d58e9420,0x00000000d5900000)
  to   space 512K, 0% used [0x00000000d5900000,0x00000000d5900000,0x00000000d5980000)
 ParOldGen       total 181248K, used 179827K [0x0000000080000000, 0x000000008b100000, 0x00000000d5580000)
  object space 181248K, 99% used [0x0000000080000000,0x000000008af9cf68,0x000000008b100000)
 Metaspace       used 72802K, committed 74624K, reserved 1179648K
  class space    used 7597K, committed 8384K, reserved 1048576K
}
Event: 235.235 GC heap after
{Heap after GC invocations=231 (full 3):
 PSYoungGen      total 3072K, used 256K [0x00000000d5580000, 0x00000000d5980000, 0x0000000100000000)
  eden space 2560K, 0% used [0x00000000d5580000,0x00000000d5580000,0x00000000d5800000)
  from space 512K, 50% used [0x00000000d5900000,0x00000000d5940000,0x00000000d5980000)
  to   space 512K, 0% used [0x00000000d5880000,0x00000000d5880000,0x00000000d5900000)
 ParOldGen       total 181248K, used 180022K [0x0000000080000000, 0x000000008b100000, 0x00000000d5580000)
  object space 181248K, 99% used [0x0000000080000000,0x000000008afcd830,0x000000008b100000)
 Metaspace       used 72802K, committed 74624K, reserved 1179648K
  class space    used 7597K, committed 8384K, reserved 1048576K
}
Event: 269.131 GC heap before
{Heap before GC invocations=232 (full 3):
 PSYoungGen      total 3072K, used 2815K [0x00000000d5580000, 0x00000000d5980000, 0x0000000100000000)
  eden space 2560K, 99% used [0x00000000d5580000,0x00000000d57ffec8,0x00000000d5800000)
  from space 512K, 50% used [0x00000000d5900000,0x00000000d5940000,0x00000000d5980000)
  to   space 512K, 0% used [0x00000000d5880000,0x00000000d5880000,0x00000000d5900000)
 ParOldGen       total 181248K, used 180022K [0x0000000080000000, 0x000000008b100000, 0x00000000d5580000)
  object space 181248K, 99% used [0x0000000080000000,0x000000008afcd830,0x000000008b100000)
 Metaspace       used 72861K, committed 74624K, reserved 1179648K
  class space    used 7603K, committed 8384K, reserved 1048576K
}
Event: 269.133 GC heap after
{Heap after GC invocations=232 (full 3):
 PSYoungGen      total 3072K, used 352K [0x00000000d5580000, 0x00000000d5980000, 0x0000000100000000)
  eden space 2560K, 0% used [0x00000000d5580000,0x00000000d5580000,0x00000000d5800000)
  from space 512K, 68% used [0x00000000d5880000,0x00000000d58d8000,0x00000000d5900000)
  to   space 512K, 0% used [0x00000000d5900000,0x00000000d5900000,0x00000000d5980000)
 ParOldGen       total 181248K, used 180102K [0x0000000080000000, 0x000000008b100000, 0x00000000d5580000)
  object space 181248K, 99% used [0x0000000080000000,0x000000008afe1830,0x000000008b100000)
 Metaspace       used 72861K, committed 74624K, reserved 1179648K
  class space    used 7603K, committed 8384K, reserved 1048576K
}
Event: 281.749 GC heap before
{Heap before GC invocations=233 (full 3):
 PSYoungGen      total 3072K, used 2912K [0x00000000d5580000, 0x00000000d5980000, 0x0000000100000000)
  eden space 2560K, 100% used [0x00000000d5580000,0x00000000d5800000,0x00000000d5800000)
  from space 512K, 68% used [0x00000000d5880000,0x00000000d58d8000,0x00000000d5900000)
  to   space 512K, 0% used [0x00000000d5900000,0x00000000d5900000,0x00000000d5980000)
 ParOldGen       total 181248K, used 180102K [0x0000000080000000, 0x000000008b100000, 0x00000000d5580000)
  object space 181248K, 99% used [0x0000000080000000,0x000000008afe1830,0x000000008b100000)
 Metaspace       used 72920K, committed 74688K, reserved 1179648K
  class space    used 7603K, committed 8384K, reserved 1048576K
}
Event: 281.751 GC heap after
{Heap after GC invocations=233 (full 3):
 PSYoungGen      total 3072K, used 160K [0x00000000d5580000, 0x00000000d5980000, 0x0000000100000000)
  eden space 2560K, 0% used [0x00000000d5580000,0x00000000d5580000,0x00000000d5800000)
  from space 512K, 31% used [0x00000000d5900000,0x00000000d5928000,0x00000000d5980000)
  to   space 512K, 0% used [0x00000000d5880000,0x00000000d5880000,0x00000000d5900000)
 ParOldGen       total 181248K, used 180198K [0x0000000080000000, 0x000000008b100000, 0x00000000d5580000)
  object space 181248K, 99% used [0x0000000080000000,0x000000008aff9830,0x000000008b100000)
 Metaspace       used 72920K, committed 74688K, reserved 1179648K
  class space    used 7603K, committed 8384K, reserved 1048576K
}
Event: 294.294 GC heap before
{Heap before GC invocations=234 (full 3):
 PSYoungGen      total 3072K, used 2719K [0x00000000d5580000, 0x00000000d5980000, 0x0000000100000000)
  eden space 2560K, 99% used [0x00000000d5580000,0x00000000d57ffff0,0x00000000d5800000)
  from space 512K, 31% used [0x00000000d5900000,0x00000000d5928000,0x00000000d5980000)
  to   space 512K, 0% used [0x00000000d5880000,0x00000000d5880000,0x00000000d5900000)
 ParOldGen       total 181248K, used 180198K [0x0000000080000000, 0x000000008b100000, 0x00000000d5580000)
  object space 181248K, 99% used [0x0000000080000000,0x000000008aff9830,0x000000008b100000)
 Metaspace       used 72933K, committed 74752K, reserved 1179648K
  class space    used 7603K, committed 8384K, reserved 1048576K
}
Event: 294.295 GC heap after
{Heap after GC invocations=234 (full 3):
 PSYoungGen      total 3072K, used 410K [0x00000000d5580000, 0x00000000d5980000, 0x0000000100000000)
  eden space 2560K, 0% used [0x00000000d5580000,0x00000000d5580000,0x00000000d5800000)
  from space 512K, 80% used [0x00000000d5880000,0x00000000d58e6900,0x00000000d5900000)
  to   space 512K, 0% used [0x00000000d5900000,0x00000000d5900000,0x00000000d5980000)
 ParOldGen       total 181248K, used 180270K [0x0000000080000000, 0x000000008b100000, 0x00000000d5580000)
  object space 181248K, 99% used [0x0000000080000000,0x000000008b00b830,0x000000008b100000)
 Metaspace       used 72933K, committed 74752K, reserved 1179648K
  class space    used 7603K, committed 8384K, reserved 1048576K
}
Event: 294.330 GC heap before
{Heap before GC invocations=235 (full 3):
 PSYoungGen      total 3072K, used 2970K [0x00000000d5580000, 0x00000000d5980000, 0x0000000100000000)
  eden space 2560K, 100% used [0x00000000d5580000,0x00000000d5800000,0x00000000d5800000)
  from space 512K, 80% used [0x00000000d5880000,0x00000000d58e6900,0x00000000d5900000)
  to   space 512K, 0% used [0x00000000d5900000,0x00000000d5900000,0x00000000d5980000)
 ParOldGen       total 181248K, used 180270K [0x0000000080000000, 0x000000008b100000, 0x00000000d5580000)
  object space 181248K, 99% used [0x0000000080000000,0x000000008b00b830,0x000000008b100000)
 Metaspace       used 72940K, committed 74752K, reserved 1179648K
  class space    used 7603K, committed 8384K, reserved 1048576K
}
Event: 294.343 GC heap after
{Heap after GC invocations=235 (full 3):
 PSYoungGen      total 2560K, used 512K [0x00000000d5580000, 0x00000000d5b00000, 0x0000000100000000)
  eden space 2048K, 0% used [0x00000000d5580000,0x00000000d5580000,0x00000000d5780000)
  from space 512K, 100% used [0x00000000d5900000,0x00000000d5980000,0x00000000d5980000)
  to   space 1536K, 0% used [0x00000000d5780000,0x00000000d5780000,0x00000000d5900000)
 ParOldGen       total 181248K, used 180885K [0x0000000080000000, 0x000000008b100000, 0x00000000d5580000)
  object space 181248K, 99% used [0x0000000080000000,0x000000008b0a5788,0x000000008b100000)
 Metaspace       used 72940K, committed 74752K, reserved 1179648K
  class space    used 7603K, committed 8384K, reserved 1048576K
}
Event: 294.372 GC heap before
{Heap before GC invocations=236 (full 3):
 PSYoungGen      total 2560K, used 2560K [0x00000000d5580000, 0x00000000d5b00000, 0x0000000100000000)
  eden space 2048K, 100% used [0x00000000d5580000,0x00000000d5780000,0x00000000d5780000)
  from space 512K, 100% used [0x00000000d5900000,0x00000000d5980000,0x00000000d5980000)
  to   space 1536K, 0% used [0x00000000d5780000,0x00000000d5780000,0x00000000d5900000)
 ParOldGen       total 181248K, used 180885K [0x0000000080000000, 0x000000008b100000, 0x00000000d5580000)
  object space 181248K, 99% used [0x0000000080000000,0x000000008b0a5788,0x000000008b100000)
 Metaspace       used 72952K, committed 74752K, reserved 1179648K
  class space    used 7603K, committed 8384K, reserved 1048576K
}
Event: 294.374 GC heap after
{Heap after GC invocations=236 (full 3):
 PSYoungGen      total 3072K, used 730K [0x00000000d5580000, 0x00000000d5980000, 0x0000000100000000)
  eden space 2048K, 0% used [0x00000000d5580000,0x00000000d5580000,0x00000000d5780000)
  from space 1024K, 71% used [0x00000000d5780000,0x00000000d5836900,0x00000000d5880000)
  to   space 1024K, 0% used [0x00000000d5880000,0x00000000d5880000,0x00000000d5980000)
 ParOldGen       total 181760K, used 181365K [0x0000000080000000, 0x000000008b180000, 0x00000000d5580000)
  object space 181760K, 99% used [0x0000000080000000,0x000000008b11d788,0x000000008b180000)
 Metaspace       used 72952K, committed 74752K, reserved 1179648K
  class space    used 7603K, committed 8384K, reserved 1048576K
}
Event: 294.401 GC heap before
{Heap before GC invocations=237 (full 3):
 PSYoungGen      total 3072K, used 2778K [0x00000000d5580000, 0x00000000d5980000, 0x0000000100000000)
  eden space 2048K, 100% used [0x00000000d5580000,0x00000000d5780000,0x00000000d5780000)
  from space 1024K, 71% used [0x00000000d5780000,0x00000000d5836900,0x00000000d5880000)
  to   space 1024K, 0% used [0x00000000d5880000,0x00000000d5880000,0x00000000d5980000)
 ParOldGen       total 181760K, used 181365K [0x0000000080000000, 0x000000008b180000, 0x00000000d5580000)
  object space 181760K, 99% used [0x0000000080000000,0x000000008b11d788,0x000000008b180000)
 Metaspace       used 72960K, committed 74752K, reserved 1179648K
  class space    used 7603K, committed 8384K, reserved 1048576K
}
Event: 294.413 GC heap after
{Heap after GC invocations=237 (full 3):
 PSYoungGen      total 3072K, used 736K [0x00000000d5580000, 0x00000000d5980000, 0x0000000100000000)
  eden space 2048K, 0% used [0x00000000d5580000,0x00000000d5580000,0x00000000d5780000)
  from space 1024K, 71% used [0x00000000d5880000,0x00000000d5938000,0x00000000d5980000)
  to   space 1024K, 0% used [0x00000000d5780000,0x00000000d5780000,0x00000000d5880000)
 ParOldGen       total 182272K, used 181989K [0x0000000080000000, 0x000000008b200000, 0x00000000d5580000)
  object space 182272K, 99% used [0x0000000080000000,0x000000008b1b9760,0x000000008b200000)
 Metaspace       used 72960K, committed 74752K, reserved 1179648K
  class space    used 7603K, committed 8384K, reserved 1048576K
}

