# JRE version: Java(TM) SE Runtime Environment (17.0.11+7) (build 17.0.11+7-LTS-207)
# Java VM: Java HotSpot(TM) 64-Bit Server VM (17.0.11+7-LTS-207, mixed mode, emulated-client, sharing, tiered, compressed oops, compressed class ptrs, g1 gc, windows-amd64)
GC Precious Log:
 CPUs: 12 total, 12 available
 Memory: 15720M
 Large Page Support: Disabled
 NUMA Support: Disabled
 Compressed Oops: Enabled (Zero based)
 Heap Region Size: 2M
 Heap Min Capacity: 8M
 Heap Initial Capacity: 246M
 Heap Max Capacity: 3932M
 Pre-touch: Disabled
 Parallel Workers: 10
 Concurrent Workers: 3
 Concurrent Refinement Workers: 10
 Periodic GC: Disabled
Heap:
 garbage-first heap   total 374784K, used 198135K [0x000000070a400000, 0x0000000800000000)
  region size 2048K, 52 young (106496K), 3 survivors (6144K)
 Metaspace       used 72273K, committed 72832K, reserved 1114112K
  class space    used 10659K, committed 10944K, reserved 1048576K
GC Heap History (20 events):
Event: 7.048 GC heap before
{Heap before GC invocations=9 (full 0):
 garbage-first heap   total 98304K, used 71422K [0x000000070a400000, 0x0000000800000000)
  region size 2048K, 22 young (45056K), 1 survivors (2048K)
 Metaspace       used 45620K, committed 46144K, reserved 1114112K
  class space    used 6460K, committed 6720K, reserved 1048576K
}
Event: 7.054 GC heap after
{Heap after GC invocations=10 (full 0):
 garbage-first heap   total 98304K, used 30240K [0x000000070a400000, 0x0000000800000000)
  region size 2048K, 2 young (4096K), 2 survivors (4096K)
 Metaspace       used 45620K, committed 46144K, reserved 1114112K
  class space    used 6460K, committed 6720K, reserved 1048576K
}
Event: 8.088 GC heap before
{Heap before GC invocations=10 (full 0):
 garbage-first heap   total 98304K, used 73248K [0x000000070a400000, 0x0000000800000000)
  region size 2048K, 23 young (47104K), 2 survivors (4096K)
 Metaspace       used 55627K, committed 56192K, reserved 1114112K
  class space    used 8045K, committed 8320K, reserved 1048576K
}
Event: 8.093 GC heap after
{Heap after GC invocations=11 (full 0):
 garbage-first heap   total 98304K, used 31813K [0x000000070a400000, 0x0000000800000000)
  region size 2048K, 3 young (6144K), 3 survivors (6144K)
 Metaspace       used 55627K, committed 56192K, reserved 1114112K
  class space    used 8045K, committed 8320K, reserved 1048576K
}
Event: 8.687 GC heap before
{Heap before GC invocations=11 (full 0):
 garbage-first heap   total 98304K, used 58437K [0x000000070a400000, 0x0000000800000000)
  region size 2048K, 17 young (34816K), 3 survivors (6144K)
 Metaspace       used 59919K, committed 60480K, reserved 1114112K
  class space    used 8572K, committed 8832K, reserved 1048576K
}
Event: 8.695 GC heap after
{Heap after GC invocations=12 (full 0):
 garbage-first heap   total 98304K, used 34494K [0x000000070a400000, 0x0000000800000000)
  region size 2048K, 3 young (6144K), 3 survivors (6144K)
 Metaspace       used 59919K, committed 60480K, reserved 1114112K
  class space    used 8572K, committed 8832K, reserved 1048576K
}
Event: 9.232 GC heap before
{Heap before GC invocations=13 (full 0):
 garbage-first heap   total 98304K, used 75454K [0x000000070a400000, 0x0000000800000000)
  region size 2048K, 23 young (47104K), 3 survivors (6144K)
 Metaspace       used 63458K, committed 64064K, reserved 1114112K
  class space    used 9329K, committed 9600K, reserved 1048576K
}
Event: 9.240 GC heap after
{Heap after GC invocations=14 (full 0):
 garbage-first heap   total 98304K, used 39713K [0x000000070a400000, 0x0000000800000000)
  region size 2048K, 3 young (6144K), 3 survivors (6144K)
 Metaspace       used 63458K, committed 64064K, reserved 1114112K
  class space    used 9329K, committed 9600K, reserved 1048576K
}
Event: 9.248 GC heap before
{Heap before GC invocations=14 (full 0):
 garbage-first heap   total 98304K, used 41761K [0x000000070a400000, 0x0000000800000000)
  region size 2048K, 4 young (8192K), 3 survivors (6144K)
 Metaspace       used 63458K, committed 64064K, reserved 1114112K
  class space    used 9329K, committed 9600K, reserved 1048576K
}
Event: 9.256 GC heap after
{Heap after GC invocations=15 (full 0):
 garbage-first heap   total 98304K, used 39469K [0x000000070a400000, 0x0000000800000000)
  region size 2048K, 1 young (2048K), 1 survivors (2048K)
 Metaspace       used 63458K, committed 64064K, reserved 1114112K
  class space    used 9329K, committed 9600K, reserved 1048576K
}
Event: 9.363 GC heap before
{Heap before GC invocations=15 (full 0):
 garbage-first heap   total 98304K, used 74285K [0x000000070a400000, 0x0000000800000000)
  region size 2048K, 18 young (36864K), 1 survivors (2048K)
 Metaspace       used 63465K, committed 64064K, reserved 1114112K
  class space    used 9330K, committed 9600K, reserved 1048576K
}
Event: 9.373 GC heap after
{Heap after GC invocations=16 (full 0):
 garbage-first heap   total 196608K, used 50261K [0x000000070a400000, 0x0000000800000000)
  region size 2048K, 3 young (6144K), 3 survivors (6144K)
 Metaspace       used 63465K, committed 64064K, reserved 1114112K
  class space    used 9330K, committed 9600K, reserved 1048576K
}
Event: 9.788 GC heap before
{Heap before GC invocations=16 (full 0):
 garbage-first heap   total 196608K, used 128085K [0x000000070a400000, 0x0000000800000000)
  region size 2048K, 41 young (83968K), 3 survivors (6144K)
 Metaspace       used 65228K, committed 65792K, reserved 1114112K
  class space    used 9708K, committed 9984K, reserved 1048576K
}
Event: 9.806 GC heap after
{Heap after GC invocations=17 (full 0):
 garbage-first heap   total 196608K, used 62092K [0x000000070a400000, 0x0000000800000000)
  region size 2048K, 6 young (12288K), 6 survivors (12288K)
 Metaspace       used 65228K, committed 65792K, reserved 1114112K
  class space    used 9708K, committed 9984K, reserved 1048576K
}
Event: 10.017 GC heap before
{Heap before GC invocations=17 (full 0):
 garbage-first heap   total 196608K, used 131724K [0x000000070a400000, 0x0000000800000000)
  region size 2048K, 40 young (81920K), 6 survivors (12288K)
 Metaspace       used 65235K, committed 65856K, reserved 1114112K
  class space    used 9708K, committed 9984K, reserved 1048576K
}
Event: 10.040 GC heap after
{Heap after GC invocations=18 (full 0):
 garbage-first heap   total 196608K, used 83588K [0x000000070a400000, 0x0000000800000000)
  region size 2048K, 5 young (10240K), 5 survivors (10240K)
 Metaspace       used 65235K, committed 65856K, reserved 1114112K
  class space    used 9708K, committed 9984K, reserved 1048576K
}
Event: 10.198 GC heap before
{Heap before GC invocations=18 (full 0):
 garbage-first heap   total 196608K, used 138884K [0x000000070a400000, 0x0000000800000000)
  region size 2048K, 32 young (65536K), 5 survivors (10240K)
 Metaspace       used 65237K, committed 65856K, reserved 1114112K
  class space    used 9708K, committed 9984K, reserved 1048576K
}
Event: 10.217 GC heap after
{Heap after GC invocations=19 (full 0):
 garbage-first heap   total 196608K, used 104257K [0x000000070a400000, 0x0000000800000000)
  region size 2048K, 4 young (8192K), 4 survivors (8192K)
 Metaspace       used 65237K, committed 65856K, reserved 1114112K
  class space    used 9708K, committed 9984K, reserved 1048576K
}
Event: 10.342 GC heap before
{Heap before GC invocations=19 (full 0):
 garbage-first heap   total 196608K, used 143169K [0x000000070a400000, 0x0000000800000000)
  region size 2048K, 23 young (47104K), 4 survivors (8192K)
 Metaspace       used 65237K, committed 65856K, reserved 1114112K
  class space    used 9708K, committed 9984K, reserved 1048576K
}
Event: 10.361 GC heap after
{Heap after GC invocations=20 (full 0):
 garbage-first heap   total 374784K, used 116215K [0x000000070a400000, 0x0000000800000000)
  region size 2048K, 3 young (6144K), 3 survivors (6144K)
 Metaspace       used 65237K, committed 65856K, reserved 1114112K
  class space    used 9708K, committed 9984K, reserved 1048576K
}

